Halt
5 April 2017 1:17:23.709482 pm

VM: unix - Croquet Closure Cog[Spur] VM [CoInterpreterPrimitives VMMaker.oscog-eem.2142]
Image: Cuis 5.0 [latest update: #3068]

UndefinedObject(Object)>>halt
	Receiver: nil
	Arguments and temporary variables: 

	Receiver's instance variables: 
nil
[] in [] in UndefinedObject>>DoIt
	Receiver: nil
	Arguments and temporary variables: 
<<error during printing>
	Receiver's instance variables: 
nil
Array(SequenceableCollection)>>do:
	Receiver: #('014-r17.png' '014-r1.png' '014-r3.png' '014-r15.png' '014-r5.png' '014-r4.png' '014-r12[..]
	Arguments and temporary variables: 
		aBlock: 	[closure] in [] in UndefinedObject>>DoIt
		index: 	1
		indexLimiT: 	17
	Receiver's instance variables: 
#('014-r17.png' '014-r1.png' '014-r3.png' '014-r15.png' '014-r5.png' '014-r4.png' '014-r12[..]
[] in UndefinedObject>>DoIt
	Receiver: nil
	Arguments and temporary variables: 
<<error during printing>
	Receiver's instance variables: 
nil
Array(SequenceableCollection)>>do:
	Receiver: #(#('*r*.png' (Color r: 1.000 g: 0.000 b: 0.000)) #('*g*.png' (Color r: 0.000 g: 1.000 b: [..]
	Arguments and temporary variables: 
		aBlock: 	[closure] in UndefinedObject>>DoIt
		index: 	1
		indexLimiT: 	3
	Receiver's instance variables: 
#(#('*r*.png' (Color r: 1.000 g: 0.000 b: 0.000)) #('*g*.png' (Color r: 0.000 g: 1.000 b: [..]
UndefinedObject>>DoIt
	Receiver: nil
	Arguments and temporary variables: 
<<error during printing>
	Receiver's instance variables: 
nil
Compiler>>evaluate:in:to:notifying:ifFail:logged:profiled:
	Receiver: a Compiler
	Arguments and temporary variables: 
		textOrStream: 	a ReadWriteStream 'folder _ ''/home/juan/Trump/014/Masks/'' asDir[..]
		aContext: 	nil
		receiver: 	nil
		aRequestor: 	a SmalltalkEditor
		failBlock: 	[closure] in [] in SmalltalkEditor>>evaluateSelectionAndDo:ifFail:pr[..]
		doLog: 	true
		doProfile: 	false
		methodNode: 	DoIt
	folder _ '/home/juan/Trump/014/Masks/' asDirectoryEntry.
	^ {[..]
		method: 	(UndefinedObject>>#DoIt "a CompiledMethod(3036202)")
		toLog: 	'folder _ ''/home/juan/Trump/014/Masks/'' asDirectoryEntry.
{ {''*r*.png[..]
		itsSelection: 	a Text for 'folder _ ''/home/juan/Trump/014/Masks/'' asDirectoryE[..]
		itsSelectionString: 	'folder _ ''/home/juan/Trump/014/Masks/'' asDirectoryEntry.[..]
		value: 	#(nil)
	Receiver's instance variables: 
		sourceStream: 	a ReadWriteStream 'folder _ ''/home/juan/Trump/014/Masks/'' asDir[..]
		requestor: 	a SmalltalkEditor
		class: 	UndefinedObject
		category: 	nil
		context: 	nil
		parser: 	a Parser
		sourceStreamGetter: 	#selectionAsStream

[] in SmalltalkEditor>>evaluateSelectionAndDo:ifFail:profiled:
	Receiver: a SmalltalkEditor
	Arguments and temporary variables: 
<<error during printing>
	Receiver's instance variables: 
		morph: 	an InnerTextMorph(3141254)
		model: 	a Workspace
		textComposition: 	a TextComposition
		markBlock: 	a CharacterBlock with index 1 and character $f and rectangle 0@0 cor[..]
		pointBlock: 	a CharacterBlock with index 432 and rectangle 21@126 corner: 21@140[..]
		emphasisHere: 	#(a TextFontFamilyAndSize)
		lastParenLocation: 	nil
		selectionStartBlocks: 	#()
		selectionStopBlocks: 	#()
		initialSelectionStart: 	nil
		initialSelectionStop: 	nil
		doWordSelection: 	false
		doParagraphSelection: 	false
		defaultFont: 	a StrikeFont(DejaVu 9 14)
		lastIndex: 	431

BlockClosure>>on:do:
	Receiver: [closure] in SmalltalkEditor>>evaluateSelectionAndDo:ifFail:profiled:
	Arguments and temporary variables: 
		exception: 	OutOfScopeNotification
		handlerAction: 	[closure] in SmalltalkEditor>>evaluateSelectionAndDo:ifFail:prof[..]
	Receiver's instance variables: 
		outerContext: 	SmalltalkEditor>>evaluateSelectionAndDo:ifFail:profiled:
		startpc: 	191
		numArgs: 	0

SmalltalkEditor>>evaluateSelectionAndDo:ifFail:profiled:
	Receiver: a SmalltalkEditor
	Arguments and temporary variables: 
		aBlock: 	[closure] in SmalltalkEditor>>doIt
		failBlock: 	nil
		doProfile: 	false
		provider: 	a Workspace
		result: 	nil
		rcvr: 	nil
		ctxt: 	nil
	Receiver's instance variables: 
		morph: 	an InnerTextMorph(3141254)
		model: 	a Workspace
		textComposition: 	a TextComposition
		markBlock: 	a CharacterBlock with index 1 and character $f and rectangle 0@0 cor[..]
		pointBlock: 	a CharacterBlock with index 432 and rectangle 21@126 corner: 21@140[..]
		emphasisHere: 	#(a TextFontFamilyAndSize)
		lastParenLocation: 	nil
		selectionStartBlocks: 	#()
		selectionStopBlocks: 	#()
		initialSelectionStart: 	nil
		initialSelectionStop: 	nil
		doWordSelection: 	false
		doParagraphSelection: 	false
		defaultFont: 	a StrikeFont(DejaVu 9 14)
		lastIndex: 	431

SmalltalkEditor>>doIt
	Receiver: a SmalltalkEditor
	Arguments and temporary variables: 

	Receiver's instance variables: 
		morph: 	an InnerTextMorph(3141254)
		model: 	a Workspace
		textComposition: 	a TextComposition
		markBlock: 	a CharacterBlock with index 1 and character $f and rectangle 0@0 cor[..]
		pointBlock: 	a CharacterBlock with index 432 and rectangle 21@126 corner: 21@140[..]
		emphasisHere: 	#(a TextFontFamilyAndSize)
		lastParenLocation: 	nil
		selectionStartBlocks: 	#()
		selectionStopBlocks: 	#()
		initialSelectionStart: 	nil
		initialSelectionStop: 	nil
		doWordSelection: 	false
		doParagraphSelection: 	false
		defaultFont: 	a StrikeFont(DejaVu 9 14)
		lastIndex: 	431

SmalltalkEditor>>doIt:
	Receiver: a SmalltalkEditor
	Arguments and temporary variables: 
		aKeyboardEvent: 	a KeyboardEvent
	Receiver's instance variables: 
		morph: 	an InnerTextMorph(3141254)
		model: 	a Workspace
		textComposition: 	a TextComposition
		markBlock: 	a CharacterBlock with index 1 and character $f and rectangle 0@0 cor[..]
		pointBlock: 	a CharacterBlock with index 432 and rectangle 21@126 corner: 21@140[..]
		emphasisHere: 	#(a TextFontFamilyAndSize)
		lastParenLocation: 	nil
		selectionStartBlocks: 	#()
		selectionStopBlocks: 	#()
		initialSelectionStart: 	nil
		initialSelectionStop: 	nil
		doWordSelection: 	false
		doParagraphSelection: 	false
		defaultFont: 	a StrikeFont(DejaVu 9 14)
		lastIndex: 	431

SmalltalkEditor(TextEditor)>>dispatchOn:
	Receiver: a SmalltalkEditor
	Arguments and temporary variables: 
		aKeyboardEvent: 	a KeyboardEvent
		asciiValue: 	100
		c: 	nil
	Receiver's instance variables: 
		morph: 	an InnerTextMorph(3141254)
		model: 	a Workspace
		textComposition: 	a TextComposition
		markBlock: 	a CharacterBlock with index 1 and character $f and rectangle 0@0 cor[..]
		pointBlock: 	a CharacterBlock with index 432 and rectangle 21@126 corner: 21@140[..]
		emphasisHere: 	#(a TextFontFamilyAndSize)
		lastParenLocation: 	nil
		selectionStartBlocks: 	#()
		selectionStopBlocks: 	#()
		initialSelectionStart: 	nil
		initialSelectionStop: 	nil
		doWordSelection: 	false
		doParagraphSelection: 	false
		defaultFont: 	a StrikeFont(DejaVu 9 14)
		lastIndex: 	431

SmalltalkEditor(TextEditor)>>processKeyStroke:
	Receiver: a SmalltalkEditor
	Arguments and temporary variables: 
		aKeyboardEvent: 	a KeyboardEvent
	Receiver's instance variables: 
		morph: 	an InnerTextMorph(3141254)
		model: 	a Workspace
		textComposition: 	a TextComposition
		markBlock: 	a CharacterBlock with index 1 and character $f and rectangle 0@0 cor[..]
		pointBlock: 	a CharacterBlock with index 432 and rectangle 21@126 corner: 21@140[..]
		emphasisHere: 	#(a TextFontFamilyAndSize)
		lastParenLocation: 	nil
		selectionStartBlocks: 	#()
		selectionStopBlocks: 	#()
		initialSelectionStart: 	nil
		initialSelectionStop: 	nil
		doWordSelection: 	false
		doParagraphSelection: 	false
		defaultFont: 	a StrikeFont(DejaVu 9 14)
		lastIndex: 	431

[] in InnerTextMorph>>processKeyStroke:
	Receiver: an InnerTextMorph(3141254)
	Arguments and temporary variables: 
<<error during printing>
	Receiver's instance variables: 
		owner: 	a TextModelMorph(534488)
		submorphs: 	#()
		location: 	MorphicTranslation(translation 3.0@3.0) 
		layoutNeeded: 	false
		layoutSpec: 	nil
		properties: 	nil
		extent: 	716@140
		color: 	Color black
		model: 	a Workspace
		wrapFlag: 	true
		textComposition: 	a TextComposition
		editor: 	a SmalltalkEditor
		pauseBlinking: 	true
		acceptOnCR: 	false
		hasUnacceptedEdits: 	true
		hasEditingConflicts: 	false
		askBeforeDiscardingEdits: 	true
		styler: 	a SHTextStylerST80
		autoCompleter: 	a SmalltalkCompleter
		mutex: 	a Mutex

InnerTextMorph>>handleInteraction:
	Receiver: an InnerTextMorph(3141254)
	Arguments and temporary variables: 
		interactionBlock: 	[closure] in InnerTextMorph>>processKeyStroke:
	Receiver's instance variables: 
		owner: 	a TextModelMorph(534488)
		submorphs: 	#()
		location: 	MorphicTranslation(translation 3.0@3.0) 
		layoutNeeded: 	false
		layoutSpec: 	nil
		properties: 	nil
		extent: 	716@140
		color: 	Color black
		model: 	a Workspace
		wrapFlag: 	true
		textComposition: 	a TextComposition
		editor: 	a SmalltalkEditor
		pauseBlinking: 	true
		acceptOnCR: 	false
		hasUnacceptedEdits: 	true
		hasEditingConflicts: 	false
		askBeforeDiscardingEdits: 	true
		styler: 	a SHTextStylerST80
		autoCompleter: 	a SmalltalkCompleter
		mutex: 	a Mutex

InnerTextMorph>>processKeyStroke:
	Receiver: an InnerTextMorph(3141254)
	Arguments and temporary variables: 
		evt: 	a KeyboardEvent
		action: 	nil
	Receiver's instance variables: 
		owner: 	a TextModelMorph(534488)
		submorphs: 	#()
		location: 	MorphicTranslation(translation 3.0@3.0) 
		layoutNeeded: 	false
		layoutSpec: 	nil
		properties: 	nil
		extent: 	716@140
		color: 	Color black
		model: 	a Workspace
		wrapFlag: 	true
		textComposition: 	a TextComposition
		editor: 	a SmalltalkEditor
		pauseBlinking: 	true
		acceptOnCR: 	false
		hasUnacceptedEdits: 	true
		hasEditingConflicts: 	false
		askBeforeDiscardingEdits: 	true
		styler: 	a SHTextStylerST80
		autoCompleter: 	a SmalltalkCompleter
		mutex: 	a Mutex

[] in InnerTextMorph>>keyStroke:
	Receiver: an InnerTextMorph(3141254)
	Arguments and temporary variables: 
		aKeyboardEvent: 	a KeyboardEvent
	Receiver's instance variables: 
		owner: 	a TextModelMorph(534488)
		submorphs: 	#()
		location: 	MorphicTranslation(translation 3.0@3.0) 
		layoutNeeded: 	false
		layoutSpec: 	nil
		properties: 	nil
		extent: 	716@140
		color: 	Color black
		model: 	a Workspace
		wrapFlag: 	true
		textComposition: 	a TextComposition
		editor: 	a SmalltalkEditor
		pauseBlinking: 	true
		acceptOnCR: 	false
		hasUnacceptedEdits: 	true
		hasEditingConflicts: 	false
		askBeforeDiscardingEdits: 	true
		styler: 	a SHTextStylerST80
		autoCompleter: 	a SmalltalkCompleter
		mutex: 	a Mutex

SmalltalkCompleter(AutoCompleter)>>autoCompletionAround:keyStroke:
	Receiver: a SmalltalkCompleter
	Arguments and temporary variables: 
		aBlock: 	[closure] in InnerTextMorph>>keyStroke:
		aKeyboardEvent: 	a KeyboardEvent
	Receiver's instance variables: 
		model: 	a Workspace
		textMorph: 	an InnerTextMorph(3141254)
		menuMorph: 	nil
		position: 	33
		entries: 	#(#asDirectoryEntry)
		prefix: 	'asDir'
		parser: 	a SHParserST80


--- The full stack ---
UndefinedObject(Object)>>halt
[] in [] in UndefinedObject>>DoIt
Array(SequenceableCollection)>>do:
[] in UndefinedObject>>DoIt
Array(SequenceableCollection)>>do:
UndefinedObject>>DoIt
Compiler>>evaluate:in:to:notifying:ifFail:logged:profiled:
[] in SmalltalkEditor>>evaluateSelectionAndDo:ifFail:profiled:
BlockClosure>>on:do:
SmalltalkEditor>>evaluateSelectionAndDo:ifFail:profiled:
SmalltalkEditor>>doIt
SmalltalkEditor>>doIt:
SmalltalkEditor(TextEditor)>>dispatchOn:
SmalltalkEditor(TextEditor)>>processKeyStroke:
[] in InnerTextMorph>>processKeyStroke:
InnerTextMorph>>handleInteraction:
InnerTextMorph>>processKeyStroke:
[] in InnerTextMorph>>keyStroke:
SmalltalkCompleter(AutoCompleter)>>autoCompletionAround:keyStroke:
 - - - - - - - - - - - - - - - - - - - - - - - - - - - - - - - - -
InnerTextMorph>>keyStroke:
InnerTextMorph>>processKeystroke:localPosition:
KeyboardEvent>>sentTo:localPosition:
InnerTextMorph(Morph)>>handleFocusEvent:
HandMorph>>startKeyboardDispatch:
KeyboardEvent>>startDispatchFrom:
HandMorph>>startEventDispatch:
HandMorph>>processEventQueue
[] in WorldState>>doOneCycleNow
Array(SequenceableCollection)>>do:
WorldState>>handsDo:
WorldState>>doOneCycleNow
WorldState>>doOneCycle
PasteUpMorph>>doOneCycle
[] in ProjectX class>>spawnNewMorphicProcessFor:
[] in BlockClosure>>newProcess
